<?xml version="1.0" encoding="UTF-8"?>
<testng-results skipped="0" failed="0" ignored="0" total="1" passed="1">
  <reporter-output>
  </reporter-output>
  <suite name="Default suite" duration-ms="112" started-at="2019-02-14T13:13:18Z" finished-at="2019-02-14T13:13:18Z">
    <groups>
    </groups>
    <test name="Default test" duration-ms="112" started-at="2019-02-14T13:13:18Z" finished-at="2019-02-14T13:13:18Z">
      <class name="databaseConnectivity.ConnectivityOfdata">
        <test-method status="PASS" signature="getdata()[pri:0, instance:databaseConnectivity.ConnectivityOfdata@59f99ea]" name="getdata" duration-ms="25" started-at="2019-02-14T13:13:18Z" finished-at="2019-02-14T13:13:18Z">
          <reporter-output>
          </reporter-output>
        </test-method> <!-- getdata -->
      </class> <!-- databaseConnectivity.ConnectivityOfdata -->
    </test> <!-- Default test -->
  </suite> <!-- Default suite -->
</testng-results>
